app/build/intermediates/manifest_merge_blame_file/debug/manifest-merger-blame-debug-report.txt
1<?xml version="1.0" encoding="utf-8"?>
2<manifest xmlns:android="http://schemas.android.com/apk/res/android"
3    package="org.arthur.pigeon"
4    android:versionCode="1"
5    android:versionName="0.3.0" >
6
7    <uses-sdk
8        android:minSdkVersion="21"
9        android:targetSdkVersion="33" />
10
11    <uses-permission android:name="android.permission.INTERNET" />
11-->src/main/AndroidManifest.xml:3:5-67
11-->src/main/AndroidManifest.xml:3:22-64
12    <uses-permission android:name="android.permission.POST_NOTIFICATIONS" />
12-->src/main/AndroidManifest.xml:4:5-77
12-->src/main/AndroidManifest.xml:4:22-74
13    <uses-permission android:name="android.permission.REQUEST_INSTALL_PACKAGES" />
13-->src/main/AndroidManifest.xml:5:2-79
13-->src/main/AndroidManifest.xml:5:19-77
14    <uses-permission android:name="android.permission.READ_EXTERNAL_STORAGE" />
14-->src/main/AndroidManifest.xml:6:2-76
14-->src/main/AndroidManifest.xml:6:19-74
15    <uses-permission android:name="android.permission.CAMERA" />
15-->src/main/AndroidManifest.xml:7:2-61
15-->src/main/AndroidManifest.xml:7:19-59
16    <uses-permission android:name="android.permission.WRITE_EXTERNAL_STORAGE" />
16-->src/main/AndroidManifest.xml:8:2-77
16-->src/main/AndroidManifest.xml:8:19-75
17    <uses-permission android:name="android.permission.WAKE_LOCK" />
17-->[androidx.work:work-runtime:2.9.0] AndroidManifest.xml:23:5-68
17-->[androidx.work:work-runtime:2.9.0] AndroidManifest.xml:23:22-65
18    <uses-permission android:name="android.permission.ACCESS_NETWORK_STATE" />
18-->[androidx.work:work-runtime:2.9.0] AndroidManifest.xml:24:5-79
18-->[androidx.work:work-runtime:2.9.0] AndroidManifest.xml:24:22-76
19    <uses-permission android:name="android.permission.RECEIVE_BOOT_COMPLETED" />
19-->[androidx.work:work-runtime:2.9.0] AndroidManifest.xml:25:5-81
19-->[androidx.work:work-runtime:2.9.0] AndroidManifest.xml:25:22-78
20    <uses-permission android:name="android.permission.FOREGROUND_SERVICE" />
20-->[androidx.work:work-runtime:2.9.0] AndroidManifest.xml:26:5-77
20-->[androidx.work:work-runtime:2.9.0] AndroidManifest.xml:26:22-74
21
22    <permission
22-->[androidx.core:core:1.12.0] AndroidManifest.xml:22:5-24:47
23        android:name="org.arthur.pigeon.DYNAMIC_RECEIVER_NOT_EXPORTED_PERMISSION"
23-->[androidx.core:core:1.12.0] AndroidManifest.xml:23:9-81
24        android:protectionLevel="signature" />
24-->[androidx.core:core:1.12.0] AndroidManifest.xml:24:9-44
25
26    <uses-permission android:name="org.arthur.pigeon.DYNAMIC_RECEIVER_NOT_EXPORTED_PERMISSION" />
26-->[androidx.core:core:1.12.0] AndroidManifest.xml:26:5-97
26-->[androidx.core:core:1.12.0] AndroidManifest.xml:26:22-94
27
28    <application
28-->src/main/AndroidManifest.xml:9:5-52:19
29        android:allowBackup="true"
29-->src/main/AndroidManifest.xml:10:9-35
30        android:appComponentFactory="androidx.core.app.CoreComponentFactory"
30-->[androidx.core:core:1.12.0] AndroidManifest.xml:28:18-86
31        android:debuggable="true"
32        android:extractNativeLibs="true"
33        android:icon="@mipmap/ic_launcher"
33-->src/main/AndroidManifest.xml:13:9-43
34        android:label="Pigeon"
34-->src/main/AndroidManifest.xml:11:9-31
35        android:requestLegacyExternalStorage="true"
35-->src/main/AndroidManifest.xml:14:9-52
36        android:roundIcon="@mipmap/ic_launcher_round"
36-->src/main/AndroidManifest.xml:15:9-54
37        android:supportsRtl="true"
37-->src/main/AndroidManifest.xml:12:9-35
38        android:theme="@style/Theme.AppCompat.Light.NoActionBar" >
38-->src/main/AndroidManifest.xml:16:9-65
39        <service
39-->src/main/AndroidManifest.xml:18:9-21:56
40            android:name="org.arthur.pigeon.MessageCheckService"
40-->src/main/AndroidManifest.xml:19:13-48
41            android:exported="false"
41-->src/main/AndroidManifest.xml:20:13-37
42            android:foregroundServiceType="dataSync" />
42-->src/main/AndroidManifest.xml:21:13-53
43
44        <activity
44-->src/main/AndroidManifest.xml:23:9-30:20
45            android:name="org.arthur.pigeon.MainActivity"
45-->src/main/AndroidManifest.xml:24:13-41
46            android:exported="true" >
46-->src/main/AndroidManifest.xml:25:13-36
47            <intent-filter>
47-->src/main/AndroidManifest.xml:26:13-29:29
48                <action android:name="android.intent.action.MAIN" />
48-->src/main/AndroidManifest.xml:27:17-68
48-->src/main/AndroidManifest.xml:27:25-66
49
50                <category android:name="android.intent.category.LAUNCHER" />
50-->src/main/AndroidManifest.xml:28:17-76
50-->src/main/AndroidManifest.xml:28:27-74
51            </intent-filter>
52        </activity>
53        <activity
53-->src/main/AndroidManifest.xml:31:3-51:13
54            android:name="org.arthur.pigeon.ShareReceiverActivity"
54-->src/main/AndroidManifest.xml:32:3-40
55            android:exported="true" >
55-->src/main/AndroidManifest.xml:33:3-26
56            <intent-filter>
56-->src/main/AndroidManifest.xml:34:3-38:19
57                <action android:name="android.intent.action.SEND" />
57-->src/main/AndroidManifest.xml:35:7-59
57-->src/main/AndroidManifest.xml:35:15-56
58
59                <category android:name="android.intent.category.DEFAULT" />
59-->src/main/AndroidManifest.xml:36:7-66
59-->src/main/AndroidManifest.xml:36:17-63
60
61                <data android:mimeType="text/plain" />
61-->src/main/AndroidManifest.xml:37:7-45
61-->src/main/AndroidManifest.xml:37:13-42
62            </intent-filter>
63            <intent-filter>
63-->src/main/AndroidManifest.xml:40:3-44:19
64                <action android:name="android.intent.action.SEND" />
64-->src/main/AndroidManifest.xml:35:7-59
64-->src/main/AndroidManifest.xml:35:15-56
65
66                <category android:name="android.intent.category.DEFAULT" />
66-->src/main/AndroidManifest.xml:36:7-66
66-->src/main/AndroidManifest.xml:36:17-63
67
68                <data android:mimeType="image/*" />
68-->src/main/AndroidManifest.xml:37:7-45
68-->src/main/AndroidManifest.xml:37:13-42
69            </intent-filter>
70            <intent-filter>
70-->src/main/AndroidManifest.xml:46:3-50:19
71                <action android:name="android.intent.action.SEND_MULTIPLE" />
71-->src/main/AndroidManifest.xml:47:7-68
71-->src/main/AndroidManifest.xml:47:15-65
72
73                <category android:name="android.intent.category.DEFAULT" />
73-->src/main/AndroidManifest.xml:36:7-66
73-->src/main/AndroidManifest.xml:36:17-63
74
75                <data android:mimeType="image/*" />
75-->src/main/AndroidManifest.xml:37:7-45
75-->src/main/AndroidManifest.xml:37:13-42
76            </intent-filter>
77        </activity>
78
79        <provider
79-->[androidx.work:work-runtime:2.9.0] AndroidManifest.xml:29:9-37:20
80            android:name="androidx.startup.InitializationProvider"
80-->[androidx.work:work-runtime:2.9.0] AndroidManifest.xml:30:13-67
81            android:authorities="org.arthur.pigeon.androidx-startup"
81-->[androidx.work:work-runtime:2.9.0] AndroidManifest.xml:31:13-68
82            android:exported="false" >
82-->[androidx.work:work-runtime:2.9.0] AndroidManifest.xml:32:13-37
83            <meta-data
83-->[androidx.work:work-runtime:2.9.0] AndroidManifest.xml:34:13-36:52
84                android:name="androidx.work.WorkManagerInitializer"
84-->[androidx.work:work-runtime:2.9.0] AndroidManifest.xml:35:17-68
85                android:value="androidx.startup" />
85-->[androidx.work:work-runtime:2.9.0] AndroidManifest.xml:36:17-49
86            <meta-data
86-->[androidx.emoji2:emoji2:1.2.0] AndroidManifest.xml:29:13-31:52
87                android:name="androidx.emoji2.text.EmojiCompatInitializer"
87-->[androidx.emoji2:emoji2:1.2.0] AndroidManifest.xml:30:17-75
88                android:value="androidx.startup" />
88-->[androidx.emoji2:emoji2:1.2.0] AndroidManifest.xml:31:17-49
89            <meta-data
89-->[androidx.lifecycle:lifecycle-process:2.6.1] AndroidManifest.xml:29:13-31:52
90                android:name="androidx.lifecycle.ProcessLifecycleInitializer"
90-->[androidx.lifecycle:lifecycle-process:2.6.1] AndroidManifest.xml:30:17-78
91                android:value="androidx.startup" />
91-->[androidx.lifecycle:lifecycle-process:2.6.1] AndroidManifest.xml:31:17-49
92            <meta-data
92-->[androidx.profileinstaller:profileinstaller:1.3.0] AndroidManifest.xml:29:13-31:52
93                android:name="androidx.profileinstaller.ProfileInstallerInitializer"
93-->[androidx.profileinstaller:profileinstaller:1.3.0] AndroidManifest.xml:30:17-85
94                android:value="androidx.startup" />
94-->[androidx.profileinstaller:profileinstaller:1.3.0] AndroidManifest.xml:31:17-49
95        </provider>
96
97        <service
97-->[androidx.work:work-runtime:2.9.0] AndroidManifest.xml:39:9-45:35
98            android:name="androidx.work.impl.background.systemalarm.SystemAlarmService"
98-->[androidx.work:work-runtime:2.9.0] AndroidManifest.xml:40:13-88
99            android:directBootAware="false"
99-->[androidx.work:work-runtime:2.9.0] AndroidManifest.xml:41:13-44
100            android:enabled="@bool/enable_system_alarm_service_default"
100-->[androidx.work:work-runtime:2.9.0] AndroidManifest.xml:42:13-72
101            android:exported="false" />
101-->[androidx.work:work-runtime:2.9.0] AndroidManifest.xml:43:13-37
102        <service
102-->[androidx.work:work-runtime:2.9.0] AndroidManifest.xml:46:9-52:35
103            android:name="androidx.work.impl.background.systemjob.SystemJobService"
103-->[androidx.work:work-runtime:2.9.0] AndroidManifest.xml:47:13-84
104            android:directBootAware="false"
104-->[androidx.work:work-runtime:2.9.0] AndroidManifest.xml:48:13-44
105            android:enabled="@bool/enable_system_job_service_default"
105-->[androidx.work:work-runtime:2.9.0] AndroidManifest.xml:49:13-70
106            android:exported="true"
106-->[androidx.work:work-runtime:2.9.0] AndroidManifest.xml:50:13-36
107            android:permission="android.permission.BIND_JOB_SERVICE" />
107-->[androidx.work:work-runtime:2.9.0] AndroidManifest.xml:51:13-69
108        <service
108-->[androidx.work:work-runtime:2.9.0] AndroidManifest.xml:53:9-59:35
109            android:name="androidx.work.impl.foreground.SystemForegroundService"
109-->[androidx.work:work-runtime:2.9.0] AndroidManifest.xml:54:13-81
110            android:directBootAware="false"
110-->[androidx.work:work-runtime:2.9.0] AndroidManifest.xml:55:13-44
111            android:enabled="@bool/enable_system_foreground_service_default"
111-->[androidx.work:work-runtime:2.9.0] AndroidManifest.xml:56:13-77
112            android:exported="false" />
112-->[androidx.work:work-runtime:2.9.0] AndroidManifest.xml:57:13-37
113
114        <receiver
114-->[androidx.work:work-runtime:2.9.0] AndroidManifest.xml:61:9-66:35
115            android:name="androidx.work.impl.utils.ForceStopRunnable$BroadcastReceiver"
115-->[androidx.work:work-runtime:2.9.0] AndroidManifest.xml:62:13-88
116            android:directBootAware="false"
116-->[androidx.work:work-runtime:2.9.0] AndroidManifest.xml:63:13-44
117            android:enabled="true"
117-->[androidx.work:work-runtime:2.9.0] AndroidManifest.xml:64:13-35
118            android:exported="false" />
118-->[androidx.work:work-runtime:2.9.0] AndroidManifest.xml:65:13-37
119        <receiver
119-->[androidx.work:work-runtime:2.9.0] AndroidManifest.xml:67:9-77:20
120            android:name="androidx.work.impl.background.systemalarm.ConstraintProxy$BatteryChargingProxy"
120-->[androidx.work:work-runtime:2.9.0] AndroidManifest.xml:68:13-106
121            android:directBootAware="false"
121-->[androidx.work:work-runtime:2.9.0] AndroidManifest.xml:69:13-44
122            android:enabled="false"
122-->[androidx.work:work-runtime:2.9.0] AndroidManifest.xml:70:13-36
123            android:exported="false" >
123-->[androidx.work:work-runtime:2.9.0] AndroidManifest.xml:71:13-37
124            <intent-filter>
124-->[androidx.work:work-runtime:2.9.0] AndroidManifest.xml:73:13-76:29
125                <action android:name="android.intent.action.ACTION_POWER_CONNECTED" />
125-->[androidx.work:work-runtime:2.9.0] AndroidManifest.xml:74:17-87
125-->[androidx.work:work-runtime:2.9.0] AndroidManifest.xml:74:25-84
126                <action android:name="android.intent.action.ACTION_POWER_DISCONNECTED" />
126-->[androidx.work:work-runtime:2.9.0] AndroidManifest.xml:75:17-90
126-->[androidx.work:work-runtime:2.9.0] AndroidManifest.xml:75:25-87
127            </intent-filter>
128        </receiver>
129        <receiver
129-->[androidx.work:work-runtime:2.9.0] AndroidManifest.xml:78:9-88:20
130            android:name="androidx.work.impl.background.systemalarm.ConstraintProxy$BatteryNotLowProxy"
130-->[androidx.work:work-runtime:2.9.0] AndroidManifest.xml:79:13-104
131            android:directBootAware="false"
131-->[androidx.work:work-runtime:2.9.0] AndroidManifest.xml:80:13-44
132            android:enabled="false"
132-->[androidx.work:work-runtime:2.9.0] AndroidManifest.xml:81:13-36
133            android:exported="false" >
133-->[androidx.work:work-runtime:2.9.0] AndroidManifest.xml:82:13-37
134            <intent-filter>
134-->[androidx.work:work-runtime:2.9.0] AndroidManifest.xml:84:13-87:29
135                <action android:name="android.intent.action.BATTERY_OKAY" />
135-->[androidx.work:work-runtime:2.9.0] AndroidManifest.xml:85:17-77
135-->[androidx.work:work-runtime:2.9.0] AndroidManifest.xml:85:25-74
136                <action android:name="android.intent.action.BATTERY_LOW" />
136-->[androidx.work:work-runtime:2.9.0] AndroidManifest.xml:86:17-76
136-->[androidx.work:work-runtime:2.9.0] AndroidManifest.xml:86:25-73
137            </intent-filter>
138        </receiver>
139        <receiver
139-->[androidx.work:work-runtime:2.9.0] AndroidManifest.xml:89:9-99:20
140            android:name="androidx.work.impl.background.systemalarm.ConstraintProxy$StorageNotLowProxy"
140-->[androidx.work:work-runtime:2.9.0] AndroidManifest.xml:90:13-104
141            android:directBootAware="false"
141-->[androidx.work:work-runtime:2.9.0] AndroidManifest.xml:91:13-44
142            android:enabled="false"
142-->[androidx.work:work-runtime:2.9.0] AndroidManifest.xml:92:13-36
143            android:exported="false" >
143-->[androidx.work:work-runtime:2.9.0] AndroidManifest.xml:93:13-37
144            <intent-filter>
144-->[androidx.work:work-runtime:2.9.0] AndroidManifest.xml:95:13-98:29
145                <action android:name="android.intent.action.DEVICE_STORAGE_LOW" />
145-->[androidx.work:work-runtime:2.9.0] AndroidManifest.xml:96:17-83
145-->[androidx.work:work-runtime:2.9.0] AndroidManifest.xml:96:25-80
146                <action android:name="android.intent.action.DEVICE_STORAGE_OK" />
146-->[androidx.work:work-runtime:2.9.0] AndroidManifest.xml:97:17-82
146-->[androidx.work:work-runtime:2.9.0] AndroidManifest.xml:97:25-79
147            </intent-filter>
148        </receiver>
149        <receiver
149-->[androidx.work:work-runtime:2.9.0] AndroidManifest.xml:100:9-109:20
150            android:name="androidx.work.impl.background.systemalarm.ConstraintProxy$NetworkStateProxy"
150-->[androidx.work:work-runtime:2.9.0] AndroidManifest.xml:101:13-103
151            android:directBootAware="false"
151-->[androidx.work:work-runtime:2.9.0] AndroidManifest.xml:102:13-44
152            android:enabled="false"
152-->[androidx.work:work-runtime:2.9.0] AndroidManifest.xml:103:13-36
153            android:exported="false" >
153-->[androidx.work:work-runtime:2.9.0] AndroidManifest.xml:104:13-37
154            <intent-filter>
154-->[androidx.work:work-runtime:2.9.0] AndroidManifest.xml:106:13-108:29
155                <action android:name="android.net.conn.CONNECTIVITY_CHANGE" />
155-->[androidx.work:work-runtime:2.9.0] AndroidManifest.xml:107:17-79
155-->[androidx.work:work-runtime:2.9.0] AndroidManifest.xml:107:25-76
156            </intent-filter>
157        </receiver>
158        <receiver
158-->[androidx.work:work-runtime:2.9.0] AndroidManifest.xml:110:9-121:20
159            android:name="androidx.work.impl.background.systemalarm.RescheduleReceiver"
159-->[androidx.work:work-runtime:2.9.0] AndroidManifest.xml:111:13-88
160            android:directBootAware="false"
160-->[androidx.work:work-runtime:2.9.0] AndroidManifest.xml:112:13-44
161            android:enabled="false"
161-->[androidx.work:work-runtime:2.9.0] AndroidManifest.xml:113:13-36
162            android:exported="false" >
162-->[androidx.work:work-runtime:2.9.0] AndroidManifest.xml:114:13-37
163            <intent-filter>
163-->[androidx.work:work-runtime:2.9.0] AndroidManifest.xml:116:13-120:29
164                <action android:name="android.intent.action.BOOT_COMPLETED" />
164-->[androidx.work:work-runtime:2.9.0] AndroidManifest.xml:117:17-79
164-->[androidx.work:work-runtime:2.9.0] AndroidManifest.xml:117:25-76
165                <action android:name="android.intent.action.TIME_SET" />
165-->[androidx.work:work-runtime:2.9.0] AndroidManifest.xml:118:17-73
165-->[androidx.work:work-runtime:2.9.0] AndroidManifest.xml:118:25-70
166                <action android:name="android.intent.action.TIMEZONE_CHANGED" />
166-->[androidx.work:work-runtime:2.9.0] AndroidManifest.xml:119:17-81
166-->[androidx.work:work-runtime:2.9.0] AndroidManifest.xml:119:25-78
167            </intent-filter>
168        </receiver>
169        <receiver
169-->[androidx.work:work-runtime:2.9.0] AndroidManifest.xml:122:9-131:20
170            android:name="androidx.work.impl.background.systemalarm.ConstraintProxyUpdateReceiver"
170-->[androidx.work:work-runtime:2.9.0] AndroidManifest.xml:123:13-99
171            android:directBootAware="false"
171-->[androidx.work:work-runtime:2.9.0] AndroidManifest.xml:124:13-44
172            android:enabled="@bool/enable_system_alarm_service_default"
172-->[androidx.work:work-runtime:2.9.0] AndroidManifest.xml:125:13-72
173            android:exported="false" >
173-->[androidx.work:work-runtime:2.9.0] AndroidManifest.xml:126:13-37
174            <intent-filter>
174-->[androidx.work:work-runtime:2.9.0] AndroidManifest.xml:128:13-130:29
175                <action android:name="androidx.work.impl.background.systemalarm.UpdateProxies" />
175-->[androidx.work:work-runtime:2.9.0] AndroidManifest.xml:129:17-98
175-->[androidx.work:work-runtime:2.9.0] AndroidManifest.xml:129:25-95
176            </intent-filter>
177        </receiver>
178        <receiver
178-->[androidx.work:work-runtime:2.9.0] AndroidManifest.xml:132:9-142:20
179            android:name="androidx.work.impl.diagnostics.DiagnosticsReceiver"
179-->[androidx.work:work-runtime:2.9.0] AndroidManifest.xml:133:13-78
180            android:directBootAware="false"
180-->[androidx.work:work-runtime:2.9.0] AndroidManifest.xml:134:13-44
181            android:enabled="true"
181-->[androidx.work:work-runtime:2.9.0] AndroidManifest.xml:135:13-35
182            android:exported="true"
182-->[androidx.work:work-runtime:2.9.0] AndroidManifest.xml:136:13-36
183            android:permission="android.permission.DUMP" >
183-->[androidx.work:work-runtime:2.9.0] AndroidManifest.xml:137:13-57
184            <intent-filter>
184-->[androidx.work:work-runtime:2.9.0] AndroidManifest.xml:139:13-141:29
185                <action android:name="androidx.work.diagnostics.REQUEST_DIAGNOSTICS" />
185-->[androidx.work:work-runtime:2.9.0] AndroidManifest.xml:140:17-88
185-->[androidx.work:work-runtime:2.9.0] AndroidManifest.xml:140:25-85
186            </intent-filter>
187        </receiver>
188
189        <service
189-->[androidx.room:room-runtime:2.5.0] AndroidManifest.xml:24:9-28:63
190            android:name="androidx.room.MultiInstanceInvalidationService"
190-->[androidx.room:room-runtime:2.5.0] AndroidManifest.xml:25:13-74
191            android:directBootAware="true"
191-->[androidx.room:room-runtime:2.5.0] AndroidManifest.xml:26:13-43
192            android:exported="false" />
192-->[androidx.room:room-runtime:2.5.0] AndroidManifest.xml:27:13-37
193
194        <receiver
194-->[androidx.profileinstaller:profileinstaller:1.3.0] AndroidManifest.xml:34:9-52:20
195            android:name="androidx.profileinstaller.ProfileInstallReceiver"
195-->[androidx.profileinstaller:profileinstaller:1.3.0] AndroidManifest.xml:35:13-76
196            android:directBootAware="false"
196-->[androidx.profileinstaller:profileinstaller:1.3.0] AndroidManifest.xml:36:13-44
197            android:enabled="true"
197-->[androidx.profileinstaller:profileinstaller:1.3.0] AndroidManifest.xml:37:13-35
198            android:exported="true"
198-->[androidx.profileinstaller:profileinstaller:1.3.0] AndroidManifest.xml:38:13-36
199            android:permission="android.permission.DUMP" >
199-->[androidx.profileinstaller:profileinstaller:1.3.0] AndroidManifest.xml:39:13-57
200            <intent-filter>
200-->[androidx.profileinstaller:profileinstaller:1.3.0] AndroidManifest.xml:40:13-42:29
201                <action android:name="androidx.profileinstaller.action.INSTALL_PROFILE" />
201-->[androidx.profileinstaller:profileinstaller:1.3.0] AndroidManifest.xml:41:17-91
201-->[androidx.profileinstaller:profileinstaller:1.3.0] AndroidManifest.xml:41:25-88
202            </intent-filter>
203            <intent-filter>
203-->[androidx.profileinstaller:profileinstaller:1.3.0] AndroidManifest.xml:43:13-45:29
204                <action android:name="androidx.profileinstaller.action.SKIP_FILE" />
204-->[androidx.profileinstaller:profileinstaller:1.3.0] AndroidManifest.xml:44:17-85
204-->[androidx.profileinstaller:profileinstaller:1.3.0] AndroidManifest.xml:44:25-82
205            </intent-filter>
206            <intent-filter>
206-->[androidx.profileinstaller:profileinstaller:1.3.0] AndroidManifest.xml:46:13-48:29
207                <action android:name="androidx.profileinstaller.action.SAVE_PROFILE" />
207-->[androidx.profileinstaller:profileinstaller:1.3.0] AndroidManifest.xml:47:17-88
207-->[androidx.profileinstaller:profileinstaller:1.3.0] AndroidManifest.xml:47:25-85
208            </intent-filter>
209            <intent-filter>
209-->[androidx.profileinstaller:profileinstaller:1.3.0] AndroidManifest.xml:49:13-51:29
210                <action android:name="androidx.profileinstaller.action.BENCHMARK_OPERATION" />
210-->[androidx.profileinstaller:profileinstaller:1.3.0] AndroidManifest.xml:50:17-95
210-->[androidx.profileinstaller:profileinstaller:1.3.0] AndroidManifest.xml:50:25-92
211            </intent-filter>
212        </receiver>
213    </application>
214
215</manifest>